

> @onegenui/components@0.1.0 build /Users/giulioleone/Sviluppo/genUi/json-render/packages/components
> rm -rf dist && tsup

[34mCLI[39m Building entry: src/definitions.ts, src/index.ts, src/skills.ts
[34mCLI[39m Using tsconfig: tsconfig.json
[34mCLI[39m tsup v8.5.1
[34mCLI[39m Using tsup config: /Users/giulioleone/Sviluppo/genUi/json-render/packages/components/tsup.config.ts
[34mCLI[39m Target: es2022
[34mCJS[39m Build start
[34mESM[39m Build start
[32mESM[39m [1mdist/definitions.mjs        [22m[32m2.30 KB[39m
[32mESM[39m [1mdist/skills.mjs             [22m[32m3.21 KB[39m
[32mESM[39m [1mdist/index.mjs              [22m[32m417.60 KB[39m
[32mESM[39m [1mdist/chunk-LSALQVIQ.mjs     [22m[32m32.09 KB[39m
[32mESM[39m [1mdist/definitions.mjs.map    [22m[32m3.20 KB[39m
[32mESM[39m [1mdist/chunk-LSALQVIQ.mjs.map [22m[32m65.22 KB[39m
[32mESM[39m [1mdist/skills.mjs.map         [22m[32m5.50 KB[39m
[32mESM[39m [1mdist/index.mjs.map          [22m[32m701.47 KB[39m
[32mESM[39m ⚡️ Build success in 86ms
[32mCJS[39m [1mdist/definitions.js     [22m[32m39.51 KB[39m
[32mCJS[39m [1mdist/skills.js          [22m[32m4.32 KB[39m
[32mCJS[39m [1mdist/index.js           [22m[32m497.38 KB[39m
[32mCJS[39m [1mdist/skills.js.map      [22m[32m5.56 KB[39m
[32mCJS[39m [1mdist/definitions.js.map [22m[32m67.17 KB[39m
[32mCJS[39m [1mdist/index.js.map       [22m[32m750.26 KB[39m
[32mCJS[39m ⚡️ Build success in 87ms
DTS Build start
DTS ⚡️ Build success in 4358ms
DTS dist/skills.d.ts                704.00 B
DTS dist/index.d.ts                 80.83 KB
DTS dist/definitions.d.ts           1.25 KB
DTS dist/definitions-BdsaHtnh.d.ts  68.52 KB
DTS dist/skills.d.mts               704.00 B
DTS dist/index.d.mts                80.83 KB
DTS dist/definitions.d.mts          1.25 KB
DTS dist/definitions-BdsaHtnh.d.mts 68.52 KB
